Start testing: Jul 26 21:53 Mitteleuropäische Sommerzeit
----------------------------------------------------------
1/1 Testing: gameTest
1/1 Test: gameTest
Command: "C:/Users/Denni/VSCode/Cpp/TicTacToe-Extreme/build/test/gameTest.exe"
Directory: C:/Users/Denni/VSCode/Cpp/TicTacToe-Extreme/build/test
"gameTest" start time: Jul 26 21:53 Mitteleuropäische Sommerzeit
Output:
----------------------------------------------------------
Running main() from C:\Users\Denni\VSCode\Cpp\TicTacToe-Extreme\lib\googletest\googletest\src\gtest_main.cc
[==========] Running 2 tests from 1 test suite.
[----------] Global test environment set-up.
[----------] 2 tests from GameTest
[ RUN      ] GameTest.ScoreIsZeroWithOnlyZeroRolls
[       OK ] GameTest.ScoreIsZeroWithOnlyZeroRolls (0 ms)
[ RUN      ] GameTest.ScoreIsTenWithOnlyOnesRolls
[       OK ] GameTest.ScoreIsTenWithOnlyOnesRolls (0 ms)
[----------] 2 tests from GameTest (0 ms total)

[----------] Global test environment tear-down
[==========] 2 tests from 1 test suite ran. (0 ms total)
[  PASSED  ] 2 tests.
<end of output>
Test time =   0.31 sec
----------------------------------------------------------
Test Passed.
"gameTest" end time: Jul 26 21:53 Mitteleuropäische Sommerzeit
"gameTest" time elapsed: 00:00:00
----------------------------------------------------------

End testing: Jul 26 21:53 Mitteleuropäische Sommerzeit
