<?xml version="1.0" encoding="UTF-8"?>
<Site BuildName="(empty)"
	BuildStamp="20220726-1951-Experimental"
	Name="(empty)"
	Generator="ctest-3.24.0-rc3"
	CompilerName=""
	CompilerVersion=""
	OSName="Windows"
	Hostname="DenniSurface"
	OSRelease=" Personal"
	OSVersion=" (Build 22000)"
	OSPlatform="AMD64"
	Is64Bits="1"
	VendorString="GenuineIntel"
	VendorID="Intel Corporation"
	FamilyID="6"
	ModelID="12"
	ProcessorCacheSize="-1"
	NumberOfLogicalCPU="8"
	NumberOfPhysicalCPU="4"
	TotalVirtualMemory="22874"
	TotalPhysicalMemory="16218"
	LogicalProcessorsPerPhysical="2"
	ProcessorClockFrequency="2419"
	>
	<Testing>
		<StartDateTime>Jul 26 21:53 Mitteleurop[NON-UTF-8-BYTE-0xE4]ische Sommerzeit</StartDateTime>
		<StartTestTime>1658865226</StartTestTime>
		<TestList>
			<Test>./test/gameTest</Test>
		</TestList>
		<Test Status="passed">
			<Name>gameTest</Name>
			<Path>./test</Path>
			<FullName>./test/gameTest</FullName>
			<FullCommandLine>C:\Users\Denni\VSCode\Cpp\TicTacToe-Extreme\build\test\gameTest.exe</FullCommandLine>
			<Results>
				<NamedMeasurement type="numeric/double" name="Execution Time">
					<Value>0.308295</Value>
				</NamedMeasurement>
				<NamedMeasurement type="numeric/double" name="Processors">
					<Value>1</Value>
				</NamedMeasurement>
				<NamedMeasurement type="text/string" name="Completion Status">
					<Value>Completed</Value>
				</NamedMeasurement>
				<NamedMeasurement type="text/string" name="Command Line">
					<Value>C:\Users\Denni\VSCode\Cpp\TicTacToe-Extreme\build\test\gameTest.exe</Value>
				</NamedMeasurement>
				<NamedMeasurement type="text/string" name="Environment">
					<Value>#CTEST_RESOURCE_GROUP_COUNT=</Value>
				</NamedMeasurement>
				<Measurement>
					<Value encoding="base64" compression="gzip">eJyNUU1Lw0AQvedXzLE5JKhHwYOkpYhgJEkVzBbZbse4sJkJuxs//r1JU4MRP/JO8/HePGYma4k0VVBLTYsQnizXkJyLjUPrxBK7prjLE96jSJpGFFoVUhWM0erNW6xRGL0TFXNl0KPzX0Nnlaj66LGfHSsVlBcjtpAdjc+g57jB+fSQgGu1xzgooxFbWBveSTP0kV60ZaqROi76qG2+kSdD17LGokuDErLNDRywHatxrtjilXtAy/faP6dk3vs4Y2NcJxmQXs+VwOIEahf+bVYgfQpTQjfD6yfFaPXv6gMTPHtpwmDeYT1KG+35laZ/+/VfYCXFU6Nuo9vLPF8t+xschXHwATU7zE8=</Value>
				</Measurement>
			</Results>
		</Test>
		<EndDateTime>Jul 26 21:53 Mitteleurop[NON-UTF-8-BYTE-0xE4]ische Sommerzeit</EndDateTime>
		<EndTestTime>1658865226</EndTestTime>
		<ElapsedMinutes>0</ElapsedMinutes>
	</Testing>
</Site>
